State 26 conflicts: 1 shift/reduce, 2 reduce/reduce
State 158 conflicts: 1 shift/reduce


Grammar

    0 $accept: program $end

    1 program: sentences

    2 sentences: sentence sentences
    3          | sentence

    4 sentence: variabledeclaration
    5         | functionprototype
    6         | functiondefinition

    7 variabledeclaration: TYPE listidentifiers SEMI

    8 listidentifiers: declaration COMMA listidentifiers
    9                | declaration

   10 declaration: IDENT LPAR INTCONST RPAR
   11            | IDENT

   12 functionprototype: functiondeclaration SEMI

   13 functiondeclaration: TYPE IDENT LPAR formallistparameters RPAR

   14 formallistparameters: formalparameter COMMA formallistparameters
   15                     | formalparameter

   16 formalparameter: TYPE IDENT
   17                | TYPE IDENT LBRACKET RBRACKET

   18 functiondefinition: functiondeclaration LBRACE declarationsorstatements RBRACE
   19                   | functiondeclaration LBRACE RBRACE

   20 declarationsorstatements: declorstat declarationsorstatements
   21                         | declorstat

   22 declorstat: declaration
   23           | statement

   24 statementblock: LBRACE liststatement RBRACE
   25               | LBRACE RBRACE

   26 liststatement: statement liststatement
   27              | statement

   28 statement: keywords SEMI
   29          | RETURN expression SEMI
   30          | expression SEMI
   31          | ifstatement
   32          | forstatement
   33          | whilestatement
   34          | dowhilestatement

   35 keywords: BREAK
   36         | CONTINUE

   37 ifstatement: IF LPAR expression RPAR statementorblock optionelse

   38 optionelse: ELSE statementblock
   39           | %empty

   40 statementorblock: statement
   41                 | statementblock

   42 forstatement: FOR LPAR optionalexpression SEMI optionalexpression SEMI optionalexpression RPAR

   43 optionalexpression: expression
   44                   | %empty

   45 whilepart: WHILE LPAR expression RPAR

   46 whilestatement: whilepart statementorblock SEMI

   47 dowhilestatement: DO statementorblock whilepart SEMI

   48 lvalue: IDENT optionbrack

   49 optionbrack: LBRACKET expression RBRACKET
   50            | %empty

   51 expression: expression1

   52 expression1: expression2 COMMA expression1
   53            | expression2

   54 expression2: expression2 ASSIGN expression3
   55            | expression3

   56 expression3: expression3 QUEST expression4 COLON expression4
   57            | expression4

   58 expression4: expression4 DPIPE expression5
   59            | expression5

   60 expression5: expression5 DAMP expression6
   61            | expression6

   62 expression6: expression6 PIPE expression7
   63            | expression7

   64 expression7: expression7 AMP expression8
   65            | expression8

   66 expression8: expression8 eqneqop expression9
   67            | expression9

   68 eqneqop: EQUALS
   69        | NEQUAL

   70 expression9: expression9 compop expression10
   71            | expression10

   72 compop: GT
   73       | GE
   74       | LT
   75       | LE

   76 expression10: expression10 plusminus expression11
   77             | expression11

   78 plusminus: PLUS
   79          | MINUS

   80 expression11: expression11 starslashmodop expression12
   81             | expression12

   82 starslashmodop: STAR
   83               | SLASH
   84               | MOD

   85 expression12: unaryop expression12
   86             | incrdecr lvalue
   87             | lvalue incrdecr
   88             | expression13

   89 incrdecr: INCR
   90         | DECR

   91 unaryop: BANG
   92        | TILDE
   93        | MINUS
   94        | AMP

   95 expression13: LPAR TYPE RPAR expression13
   96             | LPAR expression13 RPAR
   97             | constant

   98 constant: CHARCONST
   99         | INTCONST
  100         | REALCONST
  101         | STRCONST


Terminals, with rules where they appear

$end (0) 0
error (256)
TYPE (258) 7 13 16 17 95
FOR (259) 42
WHILE (260) 45
DO (261) 47
IF (262) 37
ELSE (263) 38
BREAK (264) 35
CONTINUE (265) 36
RETURN (266) 29
IDENT (267) 10 11 13 16 17 48
INTCONST (268) 10 99
REALCONST (269) 100
STRCONST (270) 101
CHARCONST (271) 98
LBRACE (272) 18 19 24 25
RBRACE (273) 18 19 24 25
SEMI (274) 7 12 28 29 30 42 46 47
QUEST (275) 56
COLON (276) 56
LPAR (277) 10 13 37 42 45 95 96
RPAR (278) 10 13 37 42 45 95 96
LBRACKET (279) 17 49
RBRACKET (280) 17 49
BANG (281) 91
TILDE (282) 92
DECR (283) 90
INCR (284) 89
AMP (285) 64 94
STAR (286) 82
SLASH (287) 83
MOD (288) 84
PLUS (289) 78
MINUS (290) 79 93
GT (291) 72
GE (292) 73
LT (293) 74
LE (294) 75
EQUALS (295) 68
NEQUAL (296) 69
PIPE (297) 62
DAMP (298) 60
DPIPE (299) 58
ASSIGN (300) 54
COMMA (301) 8 14 52


Nonterminals, with rules where they appear

$accept (47)
    on left: 0
program (48)
    on left: 1, on right: 0
sentences (49)
    on left: 2 3, on right: 1 2
sentence (50)
    on left: 4 5 6, on right: 2 3
variabledeclaration (51)
    on left: 7, on right: 4
listidentifiers (52)
    on left: 8 9, on right: 7 8
declaration (53)
    on left: 10 11, on right: 8 9 22
functionprototype (54)
    on left: 12, on right: 5
functiondeclaration (55)
    on left: 13, on right: 12 18 19
formallistparameters (56)
    on left: 14 15, on right: 13 14
formalparameter (57)
    on left: 16 17, on right: 14 15
functiondefinition (58)
    on left: 18 19, on right: 6
declarationsorstatements (59)
    on left: 20 21, on right: 18 20
declorstat (60)
    on left: 22 23, on right: 20 21
statementblock (61)
    on left: 24 25, on right: 38 41
liststatement (62)
    on left: 26 27, on right: 24 26
statement (63)
    on left: 28 29 30 31 32 33 34, on right: 23 26 27 40
keywords (64)
    on left: 35 36, on right: 28
ifstatement (65)
    on left: 37, on right: 31
optionelse (66)
    on left: 38 39, on right: 37
statementorblock (67)
    on left: 40 41, on right: 37 46 47
forstatement (68)
    on left: 42, on right: 32
optionalexpression (69)
    on left: 43 44, on right: 42
whilepart (70)
    on left: 45, on right: 46 47
whilestatement (71)
    on left: 46, on right: 33
dowhilestatement (72)
    on left: 47, on right: 34
lvalue (73)
    on left: 48, on right: 86 87
optionbrack (74)
    on left: 49 50, on right: 48
expression (75)
    on left: 51, on right: 29 30 37 43 45 49
expression1 (76)
    on left: 52 53, on right: 51 52
expression2 (77)
    on left: 54 55, on right: 52 53 54
expression3 (78)
    on left: 56 57, on right: 54 55 56
expression4 (79)
    on left: 58 59, on right: 56 57 58
expression5 (80)
    on left: 60 61, on right: 58 59 60
expression6 (81)
    on left: 62 63, on right: 60 61 62
expression7 (82)
    on left: 64 65, on right: 62 63 64
expression8 (83)
    on left: 66 67, on right: 64 65 66
eqneqop (84)
    on left: 68 69, on right: 66
expression9 (85)
    on left: 70 71, on right: 66 67 70
compop (86)
    on left: 72 73 74 75, on right: 70
expression10 (87)
    on left: 76 77, on right: 70 71 76
plusminus (88)
    on left: 78 79, on right: 76
expression11 (89)
    on left: 80 81, on right: 76 77 80
starslashmodop (90)
    on left: 82 83 84, on right: 80
expression12 (91)
    on left: 85 86 87 88, on right: 80 81 85
incrdecr (92)
    on left: 89 90, on right: 86 87
unaryop (93)
    on left: 91 92 93 94, on right: 85
expression13 (94)
    on left: 95 96 97, on right: 88 95 96
constant (95)
    on left: 98 99 100 101, on right: 97


State 0

    0 $accept: . program $end

    TYPE  shift, and go to state 1

    program              go to state 2
    sentences            go to state 3
    sentence             go to state 4
    variabledeclaration  go to state 5
    functionprototype    go to state 6
    functiondeclaration  go to state 7
    functiondefinition   go to state 8


State 1

    7 variabledeclaration: TYPE . listidentifiers SEMI
   13 functiondeclaration: TYPE . IDENT LPAR formallistparameters RPAR

    IDENT  shift, and go to state 9

    listidentifiers  go to state 10
    declaration      go to state 11


State 2

    0 $accept: program . $end

    $end  shift, and go to state 12


State 3

    1 program: sentences .

    $default  reduce using rule 1 (program)


State 4

    2 sentences: sentence . sentences
    3          | sentence .

    TYPE  shift, and go to state 1

    $default  reduce using rule 3 (sentences)

    sentences            go to state 13
    sentence             go to state 4
    variabledeclaration  go to state 5
    functionprototype    go to state 6
    functiondeclaration  go to state 7
    functiondefinition   go to state 8


State 5

    4 sentence: variabledeclaration .

    $default  reduce using rule 4 (sentence)


State 6

    5 sentence: functionprototype .

    $default  reduce using rule 5 (sentence)


State 7

   12 functionprototype: functiondeclaration . SEMI
   18 functiondefinition: functiondeclaration . LBRACE declarationsorstatements RBRACE
   19                   | functiondeclaration . LBRACE RBRACE

    LBRACE  shift, and go to state 14
    SEMI    shift, and go to state 15


State 8

    6 sentence: functiondefinition .

    $default  reduce using rule 6 (sentence)


State 9

   10 declaration: IDENT . LPAR INTCONST RPAR
   11            | IDENT .
   13 functiondeclaration: TYPE IDENT . LPAR formallistparameters RPAR

    LPAR  shift, and go to state 16

    $default  reduce using rule 11 (declaration)


State 10

    7 variabledeclaration: TYPE listidentifiers . SEMI

    SEMI  shift, and go to state 17


State 11

    8 listidentifiers: declaration . COMMA listidentifiers
    9                | declaration .

    COMMA  shift, and go to state 18

    $default  reduce using rule 9 (listidentifiers)


State 12

    0 $accept: program $end .

    $default  accept


State 13

    2 sentences: sentence sentences .

    $default  reduce using rule 2 (sentences)


State 14

   18 functiondefinition: functiondeclaration LBRACE . declarationsorstatements RBRACE
   19                   | functiondeclaration LBRACE . RBRACE

    FOR        shift, and go to state 19
    WHILE      shift, and go to state 20
    DO         shift, and go to state 21
    IF         shift, and go to state 22
    BREAK      shift, and go to state 23
    CONTINUE   shift, and go to state 24
    RETURN     shift, and go to state 25
    IDENT      shift, and go to state 26
    INTCONST   shift, and go to state 27
    REALCONST  shift, and go to state 28
    STRCONST   shift, and go to state 29
    CHARCONST  shift, and go to state 30
    RBRACE     shift, and go to state 31
    LPAR       shift, and go to state 32
    BANG       shift, and go to state 33
    TILDE      shift, and go to state 34
    DECR       shift, and go to state 35
    INCR       shift, and go to state 36
    AMP        shift, and go to state 37
    MINUS      shift, and go to state 38

    declaration               go to state 39
    declarationsorstatements  go to state 40
    declorstat                go to state 41
    statement                 go to state 42
    keywords                  go to state 43
    ifstatement               go to state 44
    forstatement              go to state 45
    whilepart                 go to state 46
    whilestatement            go to state 47
    dowhilestatement          go to state 48
    lvalue                    go to state 49
    expression                go to state 50
    expression1               go to state 51
    expression2               go to state 52
    expression3               go to state 53
    expression4               go to state 54
    expression5               go to state 55
    expression6               go to state 56
    expression7               go to state 57
    expression8               go to state 58
    expression9               go to state 59
    expression10              go to state 60
    expression11              go to state 61
    expression12              go to state 62
    incrdecr                  go to state 63
    unaryop                   go to state 64
    expression13              go to state 65
    constant                  go to state 66


State 15

   12 functionprototype: functiondeclaration SEMI .

    $default  reduce using rule 12 (functionprototype)


State 16

   10 declaration: IDENT LPAR . INTCONST RPAR
   13 functiondeclaration: TYPE IDENT LPAR . formallistparameters RPAR

    TYPE      shift, and go to state 67
    INTCONST  shift, and go to state 68

    formallistparameters  go to state 69
    formalparameter       go to state 70


State 17

    7 variabledeclaration: TYPE listidentifiers SEMI .

    $default  reduce using rule 7 (variabledeclaration)


State 18

    8 listidentifiers: declaration COMMA . listidentifiers

    IDENT  shift, and go to state 71

    listidentifiers  go to state 72
    declaration      go to state 11


State 19

   42 forstatement: FOR . LPAR optionalexpression SEMI optionalexpression SEMI optionalexpression RPAR

    LPAR  shift, and go to state 73


State 20

   45 whilepart: WHILE . LPAR expression RPAR

    LPAR  shift, and go to state 74


State 21

   47 dowhilestatement: DO . statementorblock whilepart SEMI

    FOR        shift, and go to state 19
    WHILE      shift, and go to state 20
    DO         shift, and go to state 21
    IF         shift, and go to state 22
    BREAK      shift, and go to state 23
    CONTINUE   shift, and go to state 24
    RETURN     shift, and go to state 25
    IDENT      shift, and go to state 75
    INTCONST   shift, and go to state 27
    REALCONST  shift, and go to state 28
    STRCONST   shift, and go to state 29
    CHARCONST  shift, and go to state 30
    LBRACE     shift, and go to state 76
    LPAR       shift, and go to state 32
    BANG       shift, and go to state 33
    TILDE      shift, and go to state 34
    DECR       shift, and go to state 35
    INCR       shift, and go to state 36
    AMP        shift, and go to state 37
    MINUS      shift, and go to state 38

    statementblock    go to state 77
    statement         go to state 78
    keywords          go to state 43
    ifstatement       go to state 44
    statementorblock  go to state 79
    forstatement      go to state 45
    whilepart         go to state 46
    whilestatement    go to state 47
    dowhilestatement  go to state 48
    lvalue            go to state 49
    expression        go to state 50
    expression1       go to state 51
    expression2       go to state 52
    expression3       go to state 53
    expression4       go to state 54
    expression5       go to state 55
    expression6       go to state 56
    expression7       go to state 57
    expression8       go to state 58
    expression9       go to state 59
    expression10      go to state 60
    expression11      go to state 61
    expression12      go to state 62
    incrdecr          go to state 63
    unaryop           go to state 64
    expression13      go to state 65
    constant          go to state 66


State 22

   37 ifstatement: IF . LPAR expression RPAR statementorblock optionelse

    LPAR  shift, and go to state 80


State 23

   35 keywords: BREAK .

    $default  reduce using rule 35 (keywords)


State 24

   36 keywords: CONTINUE .

    $default  reduce using rule 36 (keywords)


State 25

   29 statement: RETURN . expression SEMI

    IDENT      shift, and go to state 75
    INTCONST   shift, and go to state 27
    REALCONST  shift, and go to state 28
    STRCONST   shift, and go to state 29
    CHARCONST  shift, and go to state 30
    LPAR       shift, and go to state 32
    BANG       shift, and go to state 33
    TILDE      shift, and go to state 34
    DECR       shift, and go to state 35
    INCR       shift, and go to state 36
    AMP        shift, and go to state 37
    MINUS      shift, and go to state 38

    lvalue        go to state 49
    expression    go to state 81
    expression1   go to state 51
    expression2   go to state 52
    expression3   go to state 53
    expression4   go to state 54
    expression5   go to state 55
    expression6   go to state 56
    expression7   go to state 57
    expression8   go to state 58
    expression9   go to state 59
    expression10  go to state 60
    expression11  go to state 61
    expression12  go to state 62
    incrdecr      go to state 63
    unaryop       go to state 64
    expression13  go to state 65
    constant      go to state 66


State 26

   10 declaration: IDENT . LPAR INTCONST RPAR
   11            | IDENT .
   48 lvalue: IDENT . optionbrack

    LPAR      shift, and go to state 82
    LBRACKET  shift, and go to state 83

    LPAR      [reduce using rule 11 (declaration)]
    DECR      reduce using rule 11 (declaration)
    DECR      [reduce using rule 50 (optionbrack)]
    INCR      reduce using rule 11 (declaration)
    INCR      [reduce using rule 50 (optionbrack)]
    $default  reduce using rule 11 (declaration)

    optionbrack  go to state 84


State 27

   99 constant: INTCONST .

    $default  reduce using rule 99 (constant)


State 28

  100 constant: REALCONST .

    $default  reduce using rule 100 (constant)


State 29

  101 constant: STRCONST .

    $default  reduce using rule 101 (constant)


State 30

   98 constant: CHARCONST .

    $default  reduce using rule 98 (constant)


State 31

   19 functiondefinition: functiondeclaration LBRACE RBRACE .

    $default  reduce using rule 19 (functiondefinition)


State 32

   95 expression13: LPAR . TYPE RPAR expression13
   96             | LPAR . expression13 RPAR

    TYPE       shift, and go to state 85
    INTCONST   shift, and go to state 27
    REALCONST  shift, and go to state 28
    STRCONST   shift, and go to state 29
    CHARCONST  shift, and go to state 30
    LPAR       shift, and go to state 32

    expression13  go to state 86
    constant      go to state 66


State 33

   91 unaryop: BANG .

    $default  reduce using rule 91 (unaryop)


State 34

   92 unaryop: TILDE .

    $default  reduce using rule 92 (unaryop)


State 35

   90 incrdecr: DECR .

    $default  reduce using rule 90 (incrdecr)


State 36

   89 incrdecr: INCR .

    $default  reduce using rule 89 (incrdecr)


State 37

   94 unaryop: AMP .

    $default  reduce using rule 94 (unaryop)


State 38

   93 unaryop: MINUS .

    $default  reduce using rule 93 (unaryop)


State 39

   22 declorstat: declaration .

    $default  reduce using rule 22 (declorstat)


State 40

   18 functiondefinition: functiondeclaration LBRACE declarationsorstatements . RBRACE

    RBRACE  shift, and go to state 87


State 41

   20 declarationsorstatements: declorstat . declarationsorstatements
   21                         | declorstat .

    FOR        shift, and go to state 19
    WHILE      shift, and go to state 20
    DO         shift, and go to state 21
    IF         shift, and go to state 22
    BREAK      shift, and go to state 23
    CONTINUE   shift, and go to state 24
    RETURN     shift, and go to state 25
    IDENT      shift, and go to state 26
    INTCONST   shift, and go to state 27
    REALCONST  shift, and go to state 28
    STRCONST   shift, and go to state 29
    CHARCONST  shift, and go to state 30
    LPAR       shift, and go to state 32
    BANG       shift, and go to state 33
    TILDE      shift, and go to state 34
    DECR       shift, and go to state 35
    INCR       shift, and go to state 36
    AMP        shift, and go to state 37
    MINUS      shift, and go to state 38

    $default  reduce using rule 21 (declarationsorstatements)

    declaration               go to state 39
    declarationsorstatements  go to state 88
    declorstat                go to state 41
    statement                 go to state 42
    keywords                  go to state 43
    ifstatement               go to state 44
    forstatement              go to state 45
    whilepart                 go to state 46
    whilestatement            go to state 47
    dowhilestatement          go to state 48
    lvalue                    go to state 49
    expression                go to state 50
    expression1               go to state 51
    expression2               go to state 52
    expression3               go to state 53
    expression4               go to state 54
    expression5               go to state 55
    expression6               go to state 56
    expression7               go to state 57
    expression8               go to state 58
    expression9               go to state 59
    expression10              go to state 60
    expression11              go to state 61
    expression12              go to state 62
    incrdecr                  go to state 63
    unaryop                   go to state 64
    expression13              go to state 65
    constant                  go to state 66


State 42

   23 declorstat: statement .

    $default  reduce using rule 23 (declorstat)


State 43

   28 statement: keywords . SEMI

    SEMI  shift, and go to state 89


State 44

   31 statement: ifstatement .

    $default  reduce using rule 31 (statement)


State 45

   32 statement: forstatement .

    $default  reduce using rule 32 (statement)


State 46

   46 whilestatement: whilepart . statementorblock SEMI

    FOR        shift, and go to state 19
    WHILE      shift, and go to state 20
    DO         shift, and go to state 21
    IF         shift, and go to state 22
    BREAK      shift, and go to state 23
    CONTINUE   shift, and go to state 24
    RETURN     shift, and go to state 25
    IDENT      shift, and go to state 75
    INTCONST   shift, and go to state 27
    REALCONST  shift, and go to state 28
    STRCONST   shift, and go to state 29
    CHARCONST  shift, and go to state 30
    LBRACE     shift, and go to state 76
    LPAR       shift, and go to state 32
    BANG       shift, and go to state 33
    TILDE      shift, and go to state 34
    DECR       shift, and go to state 35
    INCR       shift, and go to state 36
    AMP        shift, and go to state 37
    MINUS      shift, and go to state 38

    statementblock    go to state 77
    statement         go to state 78
    keywords          go to state 43
    ifstatement       go to state 44
    statementorblock  go to state 90
    forstatement      go to state 45
    whilepart         go to state 46
    whilestatement    go to state 47
    dowhilestatement  go to state 48
    lvalue            go to state 49
    expression        go to state 50
    expression1       go to state 51
    expression2       go to state 52
    expression3       go to state 53
    expression4       go to state 54
    expression5       go to state 55
    expression6       go to state 56
    expression7       go to state 57
    expression8       go to state 58
    expression9       go to state 59
    expression10      go to state 60
    expression11      go to state 61
    expression12      go to state 62
    incrdecr          go to state 63
    unaryop           go to state 64
    expression13      go to state 65
    constant          go to state 66


State 47

   33 statement: whilestatement .

    $default  reduce using rule 33 (statement)


State 48

   34 statement: dowhilestatement .

    $default  reduce using rule 34 (statement)


State 49

   87 expression12: lvalue . incrdecr

    DECR  shift, and go to state 35
    INCR  shift, and go to state 36

    incrdecr  go to state 91


State 50

   30 statement: expression . SEMI

    SEMI  shift, and go to state 92


State 51

   51 expression: expression1 .

    $default  reduce using rule 51 (expression)


State 52

   52 expression1: expression2 . COMMA expression1
   53            | expression2 .
   54 expression2: expression2 . ASSIGN expression3

    ASSIGN  shift, and go to state 93
    COMMA   shift, and go to state 94

    $default  reduce using rule 53 (expression1)


State 53

   55 expression2: expression3 .
   56 expression3: expression3 . QUEST expression4 COLON expression4

    QUEST  shift, and go to state 95

    $default  reduce using rule 55 (expression2)


State 54

   57 expression3: expression4 .
   58 expression4: expression4 . DPIPE expression5

    DPIPE  shift, and go to state 96

    $default  reduce using rule 57 (expression3)


State 55

   59 expression4: expression5 .
   60 expression5: expression5 . DAMP expression6

    DAMP  shift, and go to state 97

    $default  reduce using rule 59 (expression4)


State 56

   61 expression5: expression6 .
   62 expression6: expression6 . PIPE expression7

    PIPE  shift, and go to state 98

    $default  reduce using rule 61 (expression5)


State 57

   63 expression6: expression7 .
   64 expression7: expression7 . AMP expression8

    AMP  shift, and go to state 99

    $default  reduce using rule 63 (expression6)


State 58

   65 expression7: expression8 .
   66 expression8: expression8 . eqneqop expression9

    EQUALS  shift, and go to state 100
    NEQUAL  shift, and go to state 101

    $default  reduce using rule 65 (expression7)

    eqneqop  go to state 102


State 59

   67 expression8: expression9 .
   70 expression9: expression9 . compop expression10

    GT  shift, and go to state 103
    GE  shift, and go to state 104
    LT  shift, and go to state 105
    LE  shift, and go to state 106

    $default  reduce using rule 67 (expression8)

    compop  go to state 107


State 60

   71 expression9: expression10 .
   76 expression10: expression10 . plusminus expression11

    PLUS   shift, and go to state 108
    MINUS  shift, and go to state 109

    $default  reduce using rule 71 (expression9)

    plusminus  go to state 110


State 61

   77 expression10: expression11 .
   80 expression11: expression11 . starslashmodop expression12

    STAR   shift, and go to state 111
    SLASH  shift, and go to state 112
    MOD    shift, and go to state 113

    $default  reduce using rule 77 (expression10)

    starslashmodop  go to state 114


State 62

   81 expression11: expression12 .

    $default  reduce using rule 81 (expression11)


State 63

   86 expression12: incrdecr . lvalue

    IDENT  shift, and go to state 75

    lvalue  go to state 115


State 64

   85 expression12: unaryop . expression12

    IDENT      shift, and go to state 75
    INTCONST   shift, and go to state 27
    REALCONST  shift, and go to state 28
    STRCONST   shift, and go to state 29
    CHARCONST  shift, and go to state 30
    LPAR       shift, and go to state 32
    BANG       shift, and go to state 33
    TILDE      shift, and go to state 34
    DECR       shift, and go to state 35
    INCR       shift, and go to state 36
    AMP        shift, and go to state 37
    MINUS      shift, and go to state 38

    lvalue        go to state 49
    expression12  go to state 116
    incrdecr      go to state 63
    unaryop       go to state 64
    expression13  go to state 65
    constant      go to state 66


State 65

   88 expression12: expression13 .

    $default  reduce using rule 88 (expression12)


State 66

   97 expression13: constant .

    $default  reduce using rule 97 (expression13)


State 67

   16 formalparameter: TYPE . IDENT
   17                | TYPE . IDENT LBRACKET RBRACKET

    IDENT  shift, and go to state 117


State 68

   10 declaration: IDENT LPAR INTCONST . RPAR

    RPAR  shift, and go to state 118


State 69

   13 functiondeclaration: TYPE IDENT LPAR formallistparameters . RPAR

    RPAR  shift, and go to state 119


State 70

   14 formallistparameters: formalparameter . COMMA formallistparameters
   15                     | formalparameter .

    COMMA  shift, and go to state 120

    $default  reduce using rule 15 (formallistparameters)


State 71

   10 declaration: IDENT . LPAR INTCONST RPAR
   11            | IDENT .

    LPAR  shift, and go to state 82

    $default  reduce using rule 11 (declaration)


State 72

    8 listidentifiers: declaration COMMA listidentifiers .

    $default  reduce using rule 8 (listidentifiers)


State 73

   42 forstatement: FOR LPAR . optionalexpression SEMI optionalexpression SEMI optionalexpression RPAR

    IDENT      shift, and go to state 75
    INTCONST   shift, and go to state 27
    REALCONST  shift, and go to state 28
    STRCONST   shift, and go to state 29
    CHARCONST  shift, and go to state 30
    LPAR       shift, and go to state 32
    BANG       shift, and go to state 33
    TILDE      shift, and go to state 34
    DECR       shift, and go to state 35
    INCR       shift, and go to state 36
    AMP        shift, and go to state 37
    MINUS      shift, and go to state 38

    $default  reduce using rule 44 (optionalexpression)

    optionalexpression  go to state 121
    lvalue              go to state 49
    expression          go to state 122
    expression1         go to state 51
    expression2         go to state 52
    expression3         go to state 53
    expression4         go to state 54
    expression5         go to state 55
    expression6         go to state 56
    expression7         go to state 57
    expression8         go to state 58
    expression9         go to state 59
    expression10        go to state 60
    expression11        go to state 61
    expression12        go to state 62
    incrdecr            go to state 63
    unaryop             go to state 64
    expression13        go to state 65
    constant            go to state 66


State 74

   45 whilepart: WHILE LPAR . expression RPAR

    IDENT      shift, and go to state 75
    INTCONST   shift, and go to state 27
    REALCONST  shift, and go to state 28
    STRCONST   shift, and go to state 29
    CHARCONST  shift, and go to state 30
    LPAR       shift, and go to state 32
    BANG       shift, and go to state 33
    TILDE      shift, and go to state 34
    DECR       shift, and go to state 35
    INCR       shift, and go to state 36
    AMP        shift, and go to state 37
    MINUS      shift, and go to state 38

    lvalue        go to state 49
    expression    go to state 123
    expression1   go to state 51
    expression2   go to state 52
    expression3   go to state 53
    expression4   go to state 54
    expression5   go to state 55
    expression6   go to state 56
    expression7   go to state 57
    expression8   go to state 58
    expression9   go to state 59
    expression10  go to state 60
    expression11  go to state 61
    expression12  go to state 62
    incrdecr      go to state 63
    unaryop       go to state 64
    expression13  go to state 65
    constant      go to state 66


State 75

   48 lvalue: IDENT . optionbrack

    LBRACKET  shift, and go to state 83

    $default  reduce using rule 50 (optionbrack)

    optionbrack  go to state 84


State 76

   24 statementblock: LBRACE . liststatement RBRACE
   25               | LBRACE . RBRACE

    FOR        shift, and go to state 19
    WHILE      shift, and go to state 20
    DO         shift, and go to state 21
    IF         shift, and go to state 22
    BREAK      shift, and go to state 23
    CONTINUE   shift, and go to state 24
    RETURN     shift, and go to state 25
    IDENT      shift, and go to state 75
    INTCONST   shift, and go to state 27
    REALCONST  shift, and go to state 28
    STRCONST   shift, and go to state 29
    CHARCONST  shift, and go to state 30
    RBRACE     shift, and go to state 124
    LPAR       shift, and go to state 32
    BANG       shift, and go to state 33
    TILDE      shift, and go to state 34
    DECR       shift, and go to state 35
    INCR       shift, and go to state 36
    AMP        shift, and go to state 37
    MINUS      shift, and go to state 38

    liststatement     go to state 125
    statement         go to state 126
    keywords          go to state 43
    ifstatement       go to state 44
    forstatement      go to state 45
    whilepart         go to state 46
    whilestatement    go to state 47
    dowhilestatement  go to state 48
    lvalue            go to state 49
    expression        go to state 50
    expression1       go to state 51
    expression2       go to state 52
    expression3       go to state 53
    expression4       go to state 54
    expression5       go to state 55
    expression6       go to state 56
    expression7       go to state 57
    expression8       go to state 58
    expression9       go to state 59
    expression10      go to state 60
    expression11      go to state 61
    expression12      go to state 62
    incrdecr          go to state 63
    unaryop           go to state 64
    expression13      go to state 65
    constant          go to state 66


State 77

   41 statementorblock: statementblock .

    $default  reduce using rule 41 (statementorblock)


State 78

   40 statementorblock: statement .

    $default  reduce using rule 40 (statementorblock)


State 79

   47 dowhilestatement: DO statementorblock . whilepart SEMI

    WHILE  shift, and go to state 20

    whilepart  go to state 127


State 80

   37 ifstatement: IF LPAR . expression RPAR statementorblock optionelse

    IDENT      shift, and go to state 75
    INTCONST   shift, and go to state 27
    REALCONST  shift, and go to state 28
    STRCONST   shift, and go to state 29
    CHARCONST  shift, and go to state 30
    LPAR       shift, and go to state 32
    BANG       shift, and go to state 33
    TILDE      shift, and go to state 34
    DECR       shift, and go to state 35
    INCR       shift, and go to state 36
    AMP        shift, and go to state 37
    MINUS      shift, and go to state 38

    lvalue        go to state 49
    expression    go to state 128
    expression1   go to state 51
    expression2   go to state 52
    expression3   go to state 53
    expression4   go to state 54
    expression5   go to state 55
    expression6   go to state 56
    expression7   go to state 57
    expression8   go to state 58
    expression9   go to state 59
    expression10  go to state 60
    expression11  go to state 61
    expression12  go to state 62
    incrdecr      go to state 63
    unaryop       go to state 64
    expression13  go to state 65
    constant      go to state 66


State 81

   29 statement: RETURN expression . SEMI

    SEMI  shift, and go to state 129


State 82

   10 declaration: IDENT LPAR . INTCONST RPAR

    INTCONST  shift, and go to state 68


State 83

   49 optionbrack: LBRACKET . expression RBRACKET

    IDENT      shift, and go to state 75
    INTCONST   shift, and go to state 27
    REALCONST  shift, and go to state 28
    STRCONST   shift, and go to state 29
    CHARCONST  shift, and go to state 30
    LPAR       shift, and go to state 32
    BANG       shift, and go to state 33
    TILDE      shift, and go to state 34
    DECR       shift, and go to state 35
    INCR       shift, and go to state 36
    AMP        shift, and go to state 37
    MINUS      shift, and go to state 38

    lvalue        go to state 49
    expression    go to state 130
    expression1   go to state 51
    expression2   go to state 52
    expression3   go to state 53
    expression4   go to state 54
    expression5   go to state 55
    expression6   go to state 56
    expression7   go to state 57
    expression8   go to state 58
    expression9   go to state 59
    expression10  go to state 60
    expression11  go to state 61
    expression12  go to state 62
    incrdecr      go to state 63
    unaryop       go to state 64
    expression13  go to state 65
    constant      go to state 66


State 84

   48 lvalue: IDENT optionbrack .

    $default  reduce using rule 48 (lvalue)


State 85

   95 expression13: LPAR TYPE . RPAR expression13

    RPAR  shift, and go to state 131


State 86

   96 expression13: LPAR expression13 . RPAR

    RPAR  shift, and go to state 132


State 87

   18 functiondefinition: functiondeclaration LBRACE declarationsorstatements RBRACE .

    $default  reduce using rule 18 (functiondefinition)


State 88

   20 declarationsorstatements: declorstat declarationsorstatements .

    $default  reduce using rule 20 (declarationsorstatements)


State 89

   28 statement: keywords SEMI .

    $default  reduce using rule 28 (statement)


State 90

   46 whilestatement: whilepart statementorblock . SEMI

    SEMI  shift, and go to state 133


State 91

   87 expression12: lvalue incrdecr .

    $default  reduce using rule 87 (expression12)


State 92

   30 statement: expression SEMI .

    $default  reduce using rule 30 (statement)


State 93

   54 expression2: expression2 ASSIGN . expression3

    IDENT      shift, and go to state 75
    INTCONST   shift, and go to state 27
    REALCONST  shift, and go to state 28
    STRCONST   shift, and go to state 29
    CHARCONST  shift, and go to state 30
    LPAR       shift, and go to state 32
    BANG       shift, and go to state 33
    TILDE      shift, and go to state 34
    DECR       shift, and go to state 35
    INCR       shift, and go to state 36
    AMP        shift, and go to state 37
    MINUS      shift, and go to state 38

    lvalue        go to state 49
    expression3   go to state 134
    expression4   go to state 54
    expression5   go to state 55
    expression6   go to state 56
    expression7   go to state 57
    expression8   go to state 58
    expression9   go to state 59
    expression10  go to state 60
    expression11  go to state 61
    expression12  go to state 62
    incrdecr      go to state 63
    unaryop       go to state 64
    expression13  go to state 65
    constant      go to state 66


State 94

   52 expression1: expression2 COMMA . expression1

    IDENT      shift, and go to state 75
    INTCONST   shift, and go to state 27
    REALCONST  shift, and go to state 28
    STRCONST   shift, and go to state 29
    CHARCONST  shift, and go to state 30
    LPAR       shift, and go to state 32
    BANG       shift, and go to state 33
    TILDE      shift, and go to state 34
    DECR       shift, and go to state 35
    INCR       shift, and go to state 36
    AMP        shift, and go to state 37
    MINUS      shift, and go to state 38

    lvalue        go to state 49
    expression1   go to state 135
    expression2   go to state 52
    expression3   go to state 53
    expression4   go to state 54
    expression5   go to state 55
    expression6   go to state 56
    expression7   go to state 57
    expression8   go to state 58
    expression9   go to state 59
    expression10  go to state 60
    expression11  go to state 61
    expression12  go to state 62
    incrdecr      go to state 63
    unaryop       go to state 64
    expression13  go to state 65
    constant      go to state 66


State 95

   56 expression3: expression3 QUEST . expression4 COLON expression4

    IDENT      shift, and go to state 75
    INTCONST   shift, and go to state 27
    REALCONST  shift, and go to state 28
    STRCONST   shift, and go to state 29
    CHARCONST  shift, and go to state 30
    LPAR       shift, and go to state 32
    BANG       shift, and go to state 33
    TILDE      shift, and go to state 34
    DECR       shift, and go to state 35
    INCR       shift, and go to state 36
    AMP        shift, and go to state 37
    MINUS      shift, and go to state 38

    lvalue        go to state 49
    expression4   go to state 136
    expression5   go to state 55
    expression6   go to state 56
    expression7   go to state 57
    expression8   go to state 58
    expression9   go to state 59
    expression10  go to state 60
    expression11  go to state 61
    expression12  go to state 62
    incrdecr      go to state 63
    unaryop       go to state 64
    expression13  go to state 65
    constant      go to state 66


State 96

   58 expression4: expression4 DPIPE . expression5

    IDENT      shift, and go to state 75
    INTCONST   shift, and go to state 27
    REALCONST  shift, and go to state 28
    STRCONST   shift, and go to state 29
    CHARCONST  shift, and go to state 30
    LPAR       shift, and go to state 32
    BANG       shift, and go to state 33
    TILDE      shift, and go to state 34
    DECR       shift, and go to state 35
    INCR       shift, and go to state 36
    AMP        shift, and go to state 37
    MINUS      shift, and go to state 38

    lvalue        go to state 49
    expression5   go to state 137
    expression6   go to state 56
    expression7   go to state 57
    expression8   go to state 58
    expression9   go to state 59
    expression10  go to state 60
    expression11  go to state 61
    expression12  go to state 62
    incrdecr      go to state 63
    unaryop       go to state 64
    expression13  go to state 65
    constant      go to state 66


State 97

   60 expression5: expression5 DAMP . expression6

    IDENT      shift, and go to state 75
    INTCONST   shift, and go to state 27
    REALCONST  shift, and go to state 28
    STRCONST   shift, and go to state 29
    CHARCONST  shift, and go to state 30
    LPAR       shift, and go to state 32
    BANG       shift, and go to state 33
    TILDE      shift, and go to state 34
    DECR       shift, and go to state 35
    INCR       shift, and go to state 36
    AMP        shift, and go to state 37
    MINUS      shift, and go to state 38

    lvalue        go to state 49
    expression6   go to state 138
    expression7   go to state 57
    expression8   go to state 58
    expression9   go to state 59
    expression10  go to state 60
    expression11  go to state 61
    expression12  go to state 62
    incrdecr      go to state 63
    unaryop       go to state 64
    expression13  go to state 65
    constant      go to state 66


State 98

   62 expression6: expression6 PIPE . expression7

    IDENT      shift, and go to state 75
    INTCONST   shift, and go to state 27
    REALCONST  shift, and go to state 28
    STRCONST   shift, and go to state 29
    CHARCONST  shift, and go to state 30
    LPAR       shift, and go to state 32
    BANG       shift, and go to state 33
    TILDE      shift, and go to state 34
    DECR       shift, and go to state 35
    INCR       shift, and go to state 36
    AMP        shift, and go to state 37
    MINUS      shift, and go to state 38

    lvalue        go to state 49
    expression7   go to state 139
    expression8   go to state 58
    expression9   go to state 59
    expression10  go to state 60
    expression11  go to state 61
    expression12  go to state 62
    incrdecr      go to state 63
    unaryop       go to state 64
    expression13  go to state 65
    constant      go to state 66


State 99

   64 expression7: expression7 AMP . expression8

    IDENT      shift, and go to state 75
    INTCONST   shift, and go to state 27
    REALCONST  shift, and go to state 28
    STRCONST   shift, and go to state 29
    CHARCONST  shift, and go to state 30
    LPAR       shift, and go to state 32
    BANG       shift, and go to state 33
    TILDE      shift, and go to state 34
    DECR       shift, and go to state 35
    INCR       shift, and go to state 36
    AMP        shift, and go to state 37
    MINUS      shift, and go to state 38

    lvalue        go to state 49
    expression8   go to state 140
    expression9   go to state 59
    expression10  go to state 60
    expression11  go to state 61
    expression12  go to state 62
    incrdecr      go to state 63
    unaryop       go to state 64
    expression13  go to state 65
    constant      go to state 66


State 100

   68 eqneqop: EQUALS .

    $default  reduce using rule 68 (eqneqop)


State 101

   69 eqneqop: NEQUAL .

    $default  reduce using rule 69 (eqneqop)


State 102

   66 expression8: expression8 eqneqop . expression9

    IDENT      shift, and go to state 75
    INTCONST   shift, and go to state 27
    REALCONST  shift, and go to state 28
    STRCONST   shift, and go to state 29
    CHARCONST  shift, and go to state 30
    LPAR       shift, and go to state 32
    BANG       shift, and go to state 33
    TILDE      shift, and go to state 34
    DECR       shift, and go to state 35
    INCR       shift, and go to state 36
    AMP        shift, and go to state 37
    MINUS      shift, and go to state 38

    lvalue        go to state 49
    expression9   go to state 141
    expression10  go to state 60
    expression11  go to state 61
    expression12  go to state 62
    incrdecr      go to state 63
    unaryop       go to state 64
    expression13  go to state 65
    constant      go to state 66


State 103

   72 compop: GT .

    $default  reduce using rule 72 (compop)


State 104

   73 compop: GE .

    $default  reduce using rule 73 (compop)


State 105

   74 compop: LT .

    $default  reduce using rule 74 (compop)


State 106

   75 compop: LE .

    $default  reduce using rule 75 (compop)


State 107

   70 expression9: expression9 compop . expression10

    IDENT      shift, and go to state 75
    INTCONST   shift, and go to state 27
    REALCONST  shift, and go to state 28
    STRCONST   shift, and go to state 29
    CHARCONST  shift, and go to state 30
    LPAR       shift, and go to state 32
    BANG       shift, and go to state 33
    TILDE      shift, and go to state 34
    DECR       shift, and go to state 35
    INCR       shift, and go to state 36
    AMP        shift, and go to state 37
    MINUS      shift, and go to state 38

    lvalue        go to state 49
    expression10  go to state 142
    expression11  go to state 61
    expression12  go to state 62
    incrdecr      go to state 63
    unaryop       go to state 64
    expression13  go to state 65
    constant      go to state 66


State 108

   78 plusminus: PLUS .

    $default  reduce using rule 78 (plusminus)


State 109

   79 plusminus: MINUS .

    $default  reduce using rule 79 (plusminus)


State 110

   76 expression10: expression10 plusminus . expression11

    IDENT      shift, and go to state 75
    INTCONST   shift, and go to state 27
    REALCONST  shift, and go to state 28
    STRCONST   shift, and go to state 29
    CHARCONST  shift, and go to state 30
    LPAR       shift, and go to state 32
    BANG       shift, and go to state 33
    TILDE      shift, and go to state 34
    DECR       shift, and go to state 35
    INCR       shift, and go to state 36
    AMP        shift, and go to state 37
    MINUS      shift, and go to state 38

    lvalue        go to state 49
    expression11  go to state 143
    expression12  go to state 62
    incrdecr      go to state 63
    unaryop       go to state 64
    expression13  go to state 65
    constant      go to state 66


State 111

   82 starslashmodop: STAR .

    $default  reduce using rule 82 (starslashmodop)


State 112

   83 starslashmodop: SLASH .

    $default  reduce using rule 83 (starslashmodop)


State 113

   84 starslashmodop: MOD .

    $default  reduce using rule 84 (starslashmodop)


State 114

   80 expression11: expression11 starslashmodop . expression12

    IDENT      shift, and go to state 75
    INTCONST   shift, and go to state 27
    REALCONST  shift, and go to state 28
    STRCONST   shift, and go to state 29
    CHARCONST  shift, and go to state 30
    LPAR       shift, and go to state 32
    BANG       shift, and go to state 33
    TILDE      shift, and go to state 34
    DECR       shift, and go to state 35
    INCR       shift, and go to state 36
    AMP        shift, and go to state 37
    MINUS      shift, and go to state 38

    lvalue        go to state 49
    expression12  go to state 144
    incrdecr      go to state 63
    unaryop       go to state 64
    expression13  go to state 65
    constant      go to state 66


State 115

   86 expression12: incrdecr lvalue .

    $default  reduce using rule 86 (expression12)


State 116

   85 expression12: unaryop expression12 .

    $default  reduce using rule 85 (expression12)


State 117

   16 formalparameter: TYPE IDENT .
   17                | TYPE IDENT . LBRACKET RBRACKET

    LBRACKET  shift, and go to state 145

    $default  reduce using rule 16 (formalparameter)


State 118

   10 declaration: IDENT LPAR INTCONST RPAR .

    $default  reduce using rule 10 (declaration)


State 119

   13 functiondeclaration: TYPE IDENT LPAR formallistparameters RPAR .

    $default  reduce using rule 13 (functiondeclaration)


State 120

   14 formallistparameters: formalparameter COMMA . formallistparameters

    TYPE  shift, and go to state 67

    formallistparameters  go to state 146
    formalparameter       go to state 70


State 121

   42 forstatement: FOR LPAR optionalexpression . SEMI optionalexpression SEMI optionalexpression RPAR

    SEMI  shift, and go to state 147


State 122

   43 optionalexpression: expression .

    $default  reduce using rule 43 (optionalexpression)


State 123

   45 whilepart: WHILE LPAR expression . RPAR

    RPAR  shift, and go to state 148


State 124

   25 statementblock: LBRACE RBRACE .

    $default  reduce using rule 25 (statementblock)


State 125

   24 statementblock: LBRACE liststatement . RBRACE

    RBRACE  shift, and go to state 149


State 126

   26 liststatement: statement . liststatement
   27              | statement .

    FOR        shift, and go to state 19
    WHILE      shift, and go to state 20
    DO         shift, and go to state 21
    IF         shift, and go to state 22
    BREAK      shift, and go to state 23
    CONTINUE   shift, and go to state 24
    RETURN     shift, and go to state 25
    IDENT      shift, and go to state 75
    INTCONST   shift, and go to state 27
    REALCONST  shift, and go to state 28
    STRCONST   shift, and go to state 29
    CHARCONST  shift, and go to state 30
    LPAR       shift, and go to state 32
    BANG       shift, and go to state 33
    TILDE      shift, and go to state 34
    DECR       shift, and go to state 35
    INCR       shift, and go to state 36
    AMP        shift, and go to state 37
    MINUS      shift, and go to state 38

    $default  reduce using rule 27 (liststatement)

    liststatement     go to state 150
    statement         go to state 126
    keywords          go to state 43
    ifstatement       go to state 44
    forstatement      go to state 45
    whilepart         go to state 46
    whilestatement    go to state 47
    dowhilestatement  go to state 48
    lvalue            go to state 49
    expression        go to state 50
    expression1       go to state 51
    expression2       go to state 52
    expression3       go to state 53
    expression4       go to state 54
    expression5       go to state 55
    expression6       go to state 56
    expression7       go to state 57
    expression8       go to state 58
    expression9       go to state 59
    expression10      go to state 60
    expression11      go to state 61
    expression12      go to state 62
    incrdecr          go to state 63
    unaryop           go to state 64
    expression13      go to state 65
    constant          go to state 66


State 127

   47 dowhilestatement: DO statementorblock whilepart . SEMI

    SEMI  shift, and go to state 151


State 128

   37 ifstatement: IF LPAR expression . RPAR statementorblock optionelse

    RPAR  shift, and go to state 152


State 129

   29 statement: RETURN expression SEMI .

    $default  reduce using rule 29 (statement)


State 130

   49 optionbrack: LBRACKET expression . RBRACKET

    RBRACKET  shift, and go to state 153


State 131

   95 expression13: LPAR TYPE RPAR . expression13

    INTCONST   shift, and go to state 27
    REALCONST  shift, and go to state 28
    STRCONST   shift, and go to state 29
    CHARCONST  shift, and go to state 30
    LPAR       shift, and go to state 32

    expression13  go to state 154
    constant      go to state 66


State 132

   96 expression13: LPAR expression13 RPAR .

    $default  reduce using rule 96 (expression13)


State 133

   46 whilestatement: whilepart statementorblock SEMI .

    $default  reduce using rule 46 (whilestatement)


State 134

   54 expression2: expression2 ASSIGN expression3 .
   56 expression3: expression3 . QUEST expression4 COLON expression4

    QUEST  shift, and go to state 95

    $default  reduce using rule 54 (expression2)


State 135

   52 expression1: expression2 COMMA expression1 .

    $default  reduce using rule 52 (expression1)


State 136

   56 expression3: expression3 QUEST expression4 . COLON expression4
   58 expression4: expression4 . DPIPE expression5

    COLON  shift, and go to state 155
    DPIPE  shift, and go to state 96


State 137

   58 expression4: expression4 DPIPE expression5 .
   60 expression5: expression5 . DAMP expression6

    DAMP  shift, and go to state 97

    $default  reduce using rule 58 (expression4)


State 138

   60 expression5: expression5 DAMP expression6 .
   62 expression6: expression6 . PIPE expression7

    PIPE  shift, and go to state 98

    $default  reduce using rule 60 (expression5)


State 139

   62 expression6: expression6 PIPE expression7 .
   64 expression7: expression7 . AMP expression8

    AMP  shift, and go to state 99

    $default  reduce using rule 62 (expression6)


State 140

   64 expression7: expression7 AMP expression8 .
   66 expression8: expression8 . eqneqop expression9

    EQUALS  shift, and go to state 100
    NEQUAL  shift, and go to state 101

    $default  reduce using rule 64 (expression7)

    eqneqop  go to state 102


State 141

   66 expression8: expression8 eqneqop expression9 .
   70 expression9: expression9 . compop expression10

    GT  shift, and go to state 103
    GE  shift, and go to state 104
    LT  shift, and go to state 105
    LE  shift, and go to state 106

    $default  reduce using rule 66 (expression8)

    compop  go to state 107


State 142

   70 expression9: expression9 compop expression10 .
   76 expression10: expression10 . plusminus expression11

    PLUS   shift, and go to state 108
    MINUS  shift, and go to state 109

    $default  reduce using rule 70 (expression9)

    plusminus  go to state 110


State 143

   76 expression10: expression10 plusminus expression11 .
   80 expression11: expression11 . starslashmodop expression12

    STAR   shift, and go to state 111
    SLASH  shift, and go to state 112
    MOD    shift, and go to state 113

    $default  reduce using rule 76 (expression10)

    starslashmodop  go to state 114


State 144

   80 expression11: expression11 starslashmodop expression12 .

    $default  reduce using rule 80 (expression11)


State 145

   17 formalparameter: TYPE IDENT LBRACKET . RBRACKET

    RBRACKET  shift, and go to state 156


State 146

   14 formallistparameters: formalparameter COMMA formallistparameters .

    $default  reduce using rule 14 (formallistparameters)


State 147

   42 forstatement: FOR LPAR optionalexpression SEMI . optionalexpression SEMI optionalexpression RPAR

    IDENT      shift, and go to state 75
    INTCONST   shift, and go to state 27
    REALCONST  shift, and go to state 28
    STRCONST   shift, and go to state 29
    CHARCONST  shift, and go to state 30
    LPAR       shift, and go to state 32
    BANG       shift, and go to state 33
    TILDE      shift, and go to state 34
    DECR       shift, and go to state 35
    INCR       shift, and go to state 36
    AMP        shift, and go to state 37
    MINUS      shift, and go to state 38

    $default  reduce using rule 44 (optionalexpression)

    optionalexpression  go to state 157
    lvalue              go to state 49
    expression          go to state 122
    expression1         go to state 51
    expression2         go to state 52
    expression3         go to state 53
    expression4         go to state 54
    expression5         go to state 55
    expression6         go to state 56
    expression7         go to state 57
    expression8         go to state 58
    expression9         go to state 59
    expression10        go to state 60
    expression11        go to state 61
    expression12        go to state 62
    incrdecr            go to state 63
    unaryop             go to state 64
    expression13        go to state 65
    constant            go to state 66


State 148

   45 whilepart: WHILE LPAR expression RPAR .

    $default  reduce using rule 45 (whilepart)


State 149

   24 statementblock: LBRACE liststatement RBRACE .

    $default  reduce using rule 24 (statementblock)


State 150

   26 liststatement: statement liststatement .

    $default  reduce using rule 26 (liststatement)


State 151

   47 dowhilestatement: DO statementorblock whilepart SEMI .

    $default  reduce using rule 47 (dowhilestatement)


State 152

   37 ifstatement: IF LPAR expression RPAR . statementorblock optionelse

    FOR        shift, and go to state 19
    WHILE      shift, and go to state 20
    DO         shift, and go to state 21
    IF         shift, and go to state 22
    BREAK      shift, and go to state 23
    CONTINUE   shift, and go to state 24
    RETURN     shift, and go to state 25
    IDENT      shift, and go to state 75
    INTCONST   shift, and go to state 27
    REALCONST  shift, and go to state 28
    STRCONST   shift, and go to state 29
    CHARCONST  shift, and go to state 30
    LBRACE     shift, and go to state 76
    LPAR       shift, and go to state 32
    BANG       shift, and go to state 33
    TILDE      shift, and go to state 34
    DECR       shift, and go to state 35
    INCR       shift, and go to state 36
    AMP        shift, and go to state 37
    MINUS      shift, and go to state 38

    statementblock    go to state 77
    statement         go to state 78
    keywords          go to state 43
    ifstatement       go to state 44
    statementorblock  go to state 158
    forstatement      go to state 45
    whilepart         go to state 46
    whilestatement    go to state 47
    dowhilestatement  go to state 48
    lvalue            go to state 49
    expression        go to state 50
    expression1       go to state 51
    expression2       go to state 52
    expression3       go to state 53
    expression4       go to state 54
    expression5       go to state 55
    expression6       go to state 56
    expression7       go to state 57
    expression8       go to state 58
    expression9       go to state 59
    expression10      go to state 60
    expression11      go to state 61
    expression12      go to state 62
    incrdecr          go to state 63
    unaryop           go to state 64
    expression13      go to state 65
    constant          go to state 66


State 153

   49 optionbrack: LBRACKET expression RBRACKET .

    $default  reduce using rule 49 (optionbrack)


State 154

   95 expression13: LPAR TYPE RPAR expression13 .

    $default  reduce using rule 95 (expression13)


State 155

   56 expression3: expression3 QUEST expression4 COLON . expression4

    IDENT      shift, and go to state 75
    INTCONST   shift, and go to state 27
    REALCONST  shift, and go to state 28
    STRCONST   shift, and go to state 29
    CHARCONST  shift, and go to state 30
    LPAR       shift, and go to state 32
    BANG       shift, and go to state 33
    TILDE      shift, and go to state 34
    DECR       shift, and go to state 35
    INCR       shift, and go to state 36
    AMP        shift, and go to state 37
    MINUS      shift, and go to state 38

    lvalue        go to state 49
    expression4   go to state 159
    expression5   go to state 55
    expression6   go to state 56
    expression7   go to state 57
    expression8   go to state 58
    expression9   go to state 59
    expression10  go to state 60
    expression11  go to state 61
    expression12  go to state 62
    incrdecr      go to state 63
    unaryop       go to state 64
    expression13  go to state 65
    constant      go to state 66


State 156

   17 formalparameter: TYPE IDENT LBRACKET RBRACKET .

    $default  reduce using rule 17 (formalparameter)


State 157

   42 forstatement: FOR LPAR optionalexpression SEMI optionalexpression . SEMI optionalexpression RPAR

    SEMI  shift, and go to state 160


State 158

   37 ifstatement: IF LPAR expression RPAR statementorblock . optionelse

    ELSE  shift, and go to state 161

    ELSE      [reduce using rule 39 (optionelse)]
    $default  reduce using rule 39 (optionelse)

    optionelse  go to state 162


State 159

   56 expression3: expression3 QUEST expression4 COLON expression4 .
   58 expression4: expression4 . DPIPE expression5

    DPIPE  shift, and go to state 96

    $default  reduce using rule 56 (expression3)


State 160

   42 forstatement: FOR LPAR optionalexpression SEMI optionalexpression SEMI . optionalexpression RPAR

    IDENT      shift, and go to state 75
    INTCONST   shift, and go to state 27
    REALCONST  shift, and go to state 28
    STRCONST   shift, and go to state 29
    CHARCONST  shift, and go to state 30
    LPAR       shift, and go to state 32
    BANG       shift, and go to state 33
    TILDE      shift, and go to state 34
    DECR       shift, and go to state 35
    INCR       shift, and go to state 36
    AMP        shift, and go to state 37
    MINUS      shift, and go to state 38

    $default  reduce using rule 44 (optionalexpression)

    optionalexpression  go to state 163
    lvalue              go to state 49
    expression          go to state 122
    expression1         go to state 51
    expression2         go to state 52
    expression3         go to state 53
    expression4         go to state 54
    expression5         go to state 55
    expression6         go to state 56
    expression7         go to state 57
    expression8         go to state 58
    expression9         go to state 59
    expression10        go to state 60
    expression11        go to state 61
    expression12        go to state 62
    incrdecr            go to state 63
    unaryop             go to state 64
    expression13        go to state 65
    constant            go to state 66


State 161

   38 optionelse: ELSE . statementblock

    LBRACE  shift, and go to state 76

    statementblock  go to state 164


State 162

   37 ifstatement: IF LPAR expression RPAR statementorblock optionelse .

    $default  reduce using rule 37 (ifstatement)


State 163

   42 forstatement: FOR LPAR optionalexpression SEMI optionalexpression SEMI optionalexpression . RPAR

    RPAR  shift, and go to state 165


State 164

   38 optionelse: ELSE statementblock .

    $default  reduce using rule 38 (optionelse)


State 165

   42 forstatement: FOR LPAR optionalexpression SEMI optionalexpression SEMI optionalexpression RPAR .

    $default  reduce using rule 42 (forstatement)
